SquadLeaderServer: 2023/02/14 17:25:28.254806 server.go:61: Starting golang SL server...
SquadLeaderServer: 2023/02/14 18:34:36.747545 server.go:61: Starting golang SL server...
SquadLeaderServer: 2023/02/14 18:34:36.747545 server.go:14: Configuring websocket route handlers...
SquadLeaderServer: 2023/02/14 18:34:36.748033 server.go:30: Configuring API route handlers...
SL-Server: 2023/02/15 19:55:29.084609 server.go:58: ----- ----- ----- ----- -----
SL-Server: 2023/02/15 19:55:29.085610 server.go:59: SL Logging Session Intialized
SL-Server: 2023/02/15 19:55:29.085610 server.go:60: ----- ----- ----- ----- -----
SL-Server: 2023/02/15 19:55:29.085610 server.go:65: Starting golang SL server...
SL-Server: 2023/02/15 19:55:29.085610 server.go:14: Configuring websocket route handlers...
SL-Server: 2023/02/15 19:55:29.085610 server.go:30: Configuring API route handlers...
SL-Server: 2023/02/16 09:31:31.140515 server.go:58: ----- ----- ----- ----- -----
SL-Server: 2023/02/16 09:31:31.142828 server.go:59: SL Logging Session Intialized
SL-Server: 2023/02/16 09:31:31.142828 server.go:60: ----- ----- ----- ----- -----
SL-Server: 2023/02/16 09:31:31.142828 server.go:65: Starting golang SL server...
SL-Server: 2023/02/16 09:31:31.142828 server.go:14: Configuring websocket route handlers...
SL-Server: 2023/02/16 09:31:31.142828 server.go:30: Configuring API route handlers...
SL-Server: 2023/02/16 09:31:40.878125 room.go:85: Creating new room...
SL-Server: 2023/02/16 09:31:40.878669 hub.go:81: Creating new messaging hub for ws...
SL-Server: 2023/02/16 09:31:40.878669 hub.go:92: New messaging hub created
SL-Server: 2023/02/16 09:31:40.878669 room.go:105: Room 89bcf3bb-be9b-401f-b9ad-64bb46beb68f created
SL-Server: 2023/02/16 09:31:40.878669 api.go:30: TestUser1 successfully created room 89bcf3bb-be9b-401f-b9ad-64bb46beb68f
SL-Server: 2023/02/16 09:31:40.878669 hub.go:27: Client messaging hub initializing...
SL-Server: 2023/02/16 11:02:22.459936 room.go:85: Creating new room...
SL-Server: 2023/02/16 11:02:22.460463 hub.go:81: Creating new messaging hub for ws...
SL-Server: 2023/02/16 11:02:22.460463 hub.go:92: New messaging hub created
SL-Server: 2023/02/16 11:02:22.460463 room.go:105: Room 41734f98-7b69-4f0b-9fde-c17d53fe684e created
SL-Server: 2023/02/16 11:02:22.460463 api.go:30: TestUser1 successfully created room 41734f98-7b69-4f0b-9fde-c17d53fe684e
SL-Server: 2023/02/16 11:02:22.460463 hub.go:27: Client messaging hub initializing...
SL-Server: 2023/02/17 09:53:31.113106 server.go:58: ----- ----- ----- ----- -----
SL-Server: 2023/02/17 09:53:31.113648 server.go:59: SL Logging Session Intialized
SL-Server: 2023/02/17 09:53:31.113648 server.go:60: ----- ----- ----- ----- -----
SL-Server: 2023/02/17 09:53:31.113648 server.go:65: Starting golang SL server...
SL-Server: 2023/02/17 09:53:31.114159 server.go:14: Configuring websocket route handlers...
SL-Server: 2023/02/17 09:53:31.114159 server.go:30: Configuring API route handlers...
SL-Server: 2023/02/17 09:56:09.272455 room.go:85: Creating new room...
SL-Server: 2023/02/17 09:56:09.273276 hub.go:81: Creating new messaging hub for ws...
SL-Server: 2023/02/17 09:56:09.273276 hub.go:92: New messaging hub created
SL-Server: 2023/02/17 09:56:09.273276 room.go:105: Room a1c610cd-3da2-4706-a0a7-3ad762af11e5 created
SL-Server: 2023/02/17 09:56:09.273276 hub.go:27: Client messaging hub has started
SL-Server: 2023/02/17 09:56:09.273276 api.go:30: TestUser1 successfully created room a1c610cd-3da2-4706-a0a7-3ad762af11e5
